c:\users\owner\documents\rit\junior year\data structures and algorithms 2\wreckengine\openglpractice\debug\vc140.pdb
c:\users\owner\documents\rit\junior year\data structures and algorithms 2\wreckengine\openglpractice\debug\vc140.idb
c:\users\owner\documents\rit\junior year\data structures and algorithms 2\wreckengine\openglpractice\debug\modelhelper.obj
c:\users\owner\documents\rit\junior year\data structures and algorithms 2\wreckengine\openglpractice\debug\source.obj
c:\users\owner\documents\rit\junior year\data structures and algorithms 2\wreckengine\openglpractice\debug\triplay.obj
c:\users\owner\documents\rit\junior year\data structures and algorithms 2\wreckengine\openglpractice\debug\uv.obj
c:\users\owner\documents\rit\junior year\data structures and algorithms 2\wreckengine\openglpractice\debug\mesh.obj
c:\users\owner\documents\rit\junior year\data structures and algorithms 2\wreckengine\openglpractice\debug\camera.obj
c:\users\owner\documents\rit\junior year\data structures and algorithms 2\wreckengine\openglpractice\debug\collider.obj
c:\users\owner\documents\rit\junior year\data structures and algorithms 2\wreckengine\openglpractice\debug\colliderentity.obj
c:\users\owner\documents\rit\junior year\data structures and algorithms 2\wreckengine\openglpractice\debug\drawable.obj
c:\users\owner\documents\rit\junior year\data structures and algorithms 2\wreckengine\openglpractice\debug\entity.obj
c:\users\owner\documents\rit\junior year\data structures and algorithms 2\wreckengine\openglpractice\debug\game.obj
c:\users\owner\documents\rit\junior year\data structures and algorithms 2\wreckengine\openglpractice\debug\shaderhelper.obj
c:\users\owner\documents\rit\junior year\data structures and algorithms 2\wreckengine\openglpractice\debug\shape.obj
c:\users\owner\documents\rit\junior year\data structures and algorithms 2\wreckengine\openglpractice\debug\transform.obj
c:\users\owner\documents\rit\junior year\data structures and algorithms 2\wreckengine\openglpractice\debug\gldebugmessagecallback.obj
c:\users\owner\documents\rit\junior year\data structures and algorithms 2\wreckengine\openglpractice\debug\openglpractice.exe
c:\users\owner\documents\rit\junior year\data structures and algorithms 2\wreckengine\openglpractice\debug\openglpractice.pdb
c:\users\owner\documents\rit\junior year\data structures and algorithms 2\wreckengine\openglpractice\debug\openglpractice.tlog\cl.command.1.tlog
c:\users\owner\documents\rit\junior year\data structures and algorithms 2\wreckengine\openglpractice\debug\openglpractice.tlog\cl.read.1.tlog
c:\users\owner\documents\rit\junior year\data structures and algorithms 2\wreckengine\openglpractice\debug\openglpractice.tlog\cl.write.1.tlog
c:\users\owner\documents\rit\junior year\data structures and algorithms 2\wreckengine\openglpractice\debug\openglpractice.tlog\link.command.1.tlog
c:\users\owner\documents\rit\junior year\data structures and algorithms 2\wreckengine\openglpractice\debug\openglpractice.tlog\link.read.1.tlog
c:\users\owner\documents\rit\junior year\data structures and algorithms 2\wreckengine\openglpractice\debug\openglpractice.tlog\link.write.1.tlog
