Build started 10/31/2015 1:09:52 AM.
     1>Project "C:\Users\Owner\Documents\RIT\Junior Year\Data Structures and Algorithms 2\WreckEngine\OpenGLPractice\OpenGLPractice.vcxproj" on node 2 (Build target(s)).
     1>ClCompile:
         C:\Program Files (x86)\Microsoft Visual Studio 14.0\VC\bin\CL.exe /c /ZI /nologo /W3 /WX- /Od /Oy- /D WIN32 /D _DEBUG /D _CONSOLE /D _UNICODE /D UNICODE /Gm /EHsc /RTC1 /MDd /GS /fp:precise /Zc:wchar_t /Zc:forScope /Zc:inline /Fo"Debug\\" /Fd"Debug\vc140.pdb" /Gd /TP /analyze- /errorReport:prompt Mesh.cpp
     1>cl : Command line warning D9028: minimal rebuild failure, reverting to normal build
         Mesh.cpp
       Link:
         C:\Program Files (x86)\Microsoft Visual Studio 14.0\VC\bin\link.exe /ERRORREPORT:PROMPT /OUT:"C:\Users\Owner\Documents\RIT\Junior Year\Data Structures and Algorithms 2\WreckEngine\OpenGLPractice\Debug\OpenGLPractice.exe" /INCREMENTAL /NOLOGO FreeImage.lib glew32.lib glfw3.lib opengl32.lib kernel32.lib user32.lib gdi32.lib winspool.lib comdlg32.lib advapi32.lib shell32.lib ole32.lib oleaut32.lib uuid.lib odbc32.lib odbccp32.lib /MANIFEST /MANIFESTUAC:"level='asInvoker' uiAccess='false'" /manifest:embed /Debug /PDB:"C:\Users\Owner\Documents\RIT\Junior Year\Data Structures and Algorithms 2\WreckEngine\OpenGLPractice\Debug\OpenGLPractice.pdb" /SUBSYSTEM:CONSOLE /TLBID:1 /DYNAMICBASE /NXCOMPAT /IMPLIB:"C:\Users\Owner\Documents\RIT\Junior Year\Data Structures and Algorithms 2\WreckEngine\OpenGLPractice\Debug\OpenGLPractice.lib" /MACHINE:X86 /NODEFAULTLIB:MSVCRT /LTCG Debug\Camera.obj
         Debug\Collider.obj
         Debug\ColliderEntity.obj
         Debug\Drawable.obj
         Debug\Entity.obj
         Debug\Game.obj
         Debug\GLDebugMessageCallback.obj
         Debug\Mesh.obj
         Debug\ModelHelper.obj
         Debug\ShaderHelper.obj
         Debug\Shape.obj
         Debug\Source.obj
         Debug\Transform.obj
         Debug\TriPlay.obj
         Debug\UV.obj
     1>LINK : warning LNK4075: ignoring '/INCREMENTAL' due to '/LTCG' specification
     1>Camera.obj : warning LNK4075: ignoring '/EDITANDCONTINUE' due to '/OPT:LBR' specification
         LINK : /LTCG specified but no code generation required; remove /LTCG from the link command line to improve linker performance
         OpenGLPractice.vcxproj -> C:\Users\Owner\Documents\RIT\Junior Year\Data Structures and Algorithms 2\WreckEngine\OpenGLPractice\Debug\OpenGLPractice.exe
     1>Done Building Project "C:\Users\Owner\Documents\RIT\Junior Year\Data Structures and Algorithms 2\WreckEngine\OpenGLPractice\OpenGLPractice.vcxproj" (Build target(s)).

Build succeeded.

Time Elapsed 00:00:01.39
