\\banner.main.ad.rit.edu\students\mxc8518\igmprofile\desktop\dsa2\openglpractice\release\vc140.pdb
\\banner.main.ad.rit.edu\students\mxc8518\igmprofile\desktop\dsa2\openglpractice\release\triplay.obj
\\banner.main.ad.rit.edu\students\mxc8518\igmprofile\desktop\dsa2\openglpractice\release\source.obj
\\banner.main.ad.rit.edu\students\mxc8518\igmprofile\desktop\dsa2\openglpractice\release\shape.obj
\\banner.main.ad.rit.edu\students\mxc8518\igmprofile\desktop\dsa2\openglpractice\release\shaderhelper.obj
\\banner.main.ad.rit.edu\students\mxc8518\igmprofile\desktop\dsa2\openglpractice\release\modelhelper.obj
\\banner.main.ad.rit.edu\students\mxc8518\igmprofile\desktop\dsa2\openglpractice\release\mesh.obj
\\banner.main.ad.rit.edu\students\mxc8518\igmprofile\desktop\dsa2\openglpractice\release\gldebugmessagecallback.obj
\\banner.main.ad.rit.edu\students\mxc8518\igmprofile\desktop\dsa2\openglpractice\release\game.obj
\\banner.main.ad.rit.edu\students\mxc8518\igmprofile\desktop\dsa2\openglpractice\release\entity.obj
\\banner.main.ad.rit.edu\students\mxc8518\igmprofile\desktop\dsa2\openglpractice\release\drawable.obj
\\banner.main.ad.rit.edu\students\mxc8518\igmprofile\desktop\dsa2\openglpractice\release\colliderentity.obj
\\banner.main.ad.rit.edu\students\mxc8518\igmprofile\desktop\dsa2\openglpractice\release\collider.obj
\\banner.main.ad.rit.edu\students\mxc8518\igmprofile\desktop\dsa2\openglpractice\release\openglpractice.exe
\\banner.main.ad.rit.edu\students\mxc8518\igmprofile\desktop\dsa2\openglpractice\release\openglpractice.ipdb
\\banner.main.ad.rit.edu\students\mxc8518\igmprofile\desktop\dsa2\openglpractice\release\openglpractice.iobj
\\banner.main.ad.rit.edu\students\mxc8518\igmprofile\desktop\dsa2\openglpractice\release\openglpractice.pdb
\\banner.main.ad.rit.edu\students\mxc8518\igmprofile\desktop\dsa2\openglpractice\release\openglpractice.tlog\cl.read.1.tlog
\\banner.main.ad.rit.edu\students\mxc8518\igmprofile\desktop\dsa2\openglpractice\release\openglpractice.tlog\cl.write.1.tlog
\\banner.main.ad.rit.edu\students\mxc8518\igmprofile\desktop\dsa2\openglpractice\release\openglpractice.tlog\cl.command.1.tlog
\\banner.main.ad.rit.edu\students\mxc8518\igmprofile\desktop\dsa2\openglpractice\release\openglpractice.tlog\link.read.3.tlog
\\banner.main.ad.rit.edu\students\mxc8518\igmprofile\desktop\dsa2\openglpractice\release\openglpractice.tlog\link.write.1.tlog
\\banner.main.ad.rit.edu\students\mxc8518\igmprofile\desktop\dsa2\openglpractice\release\openglpractice.tlog\link.command.1.tlog
