Build started 10/21/2015 3:14:04 PM.
     1>Project "\\banner.main.ad.rit.edu\students\mxc8518\IGMProfile\Desktop\DSA2\WreckEngine\OpenGLPractice\OpenGLPractice.vcxproj" on node 2 (Build target(s)).
     1>ClCompile:
         C:\Program Files (x86)\Microsoft Visual Studio 14.0\VC\bin\CL.exe /c /Zi /nologo /W3 /WX- /O2 /Oi /Oy- /GL /D WIN32 /D NDEBUG /D _CONSOLE /D _UNICODE /D UNICODE /Gm- /EHsc /MD /GS /Gy /fp:precise /Zc:wchar_t /Zc:forScope /Zc:inline /Fo"Release\\" /Fd"Release\vc140.pdb" /Gd /TP /analyze- /errorReport:prompt TriPlay.cpp
         TriPlay.cpp
     1>TriPlay.cpp(50): warning C4316: 'Entity': object allocated on the heap may not be aligned 16
     1>TriPlay.cpp(59): warning C4316: 'Entity': object allocated on the heap may not be aligned 16
     1>TriPlay.cpp(65): warning C4316: 'Camera': object allocated on the heap may not be aligned 16
     1>TriPlay.cpp(104): warning C4244: 'initializing': conversion from 'double' to 'float', possible loss of data
       Link:
         C:\Program Files (x86)\Microsoft Visual Studio 14.0\VC\bin\link.exe /ERRORREPORT:PROMPT /OUT:"\\banner.main.ad.rit.edu\students\mxc8518\IGMProfile\Desktop\DSA2\WreckEngine\OpenGLPractice\Release\OpenGLPractice.exe" /INCREMENTAL:NO /NOLOGO SOIL.lib glew32.lib glfw3.lib opengl32.lib kernel32.lib user32.lib gdi32.lib winspool.lib comdlg32.lib advapi32.lib shell32.lib ole32.lib oleaut32.lib uuid.lib odbc32.lib odbccp32.lib /MANIFEST /MANIFESTUAC:"level='asInvoker' uiAccess='false'" /manifest:embed /Debug /PDB:"\\banner.main.ad.rit.edu\students\mxc8518\IGMProfile\Desktop\DSA2\WreckEngine\OpenGLPractice\Release\OpenGLPractice.pdb" /SUBSYSTEM:CONSOLE /OPT:REF /OPT:ICF /LTCG:incremental /TLBID:1 /DYNAMICBASE /NXCOMPAT /IMPLIB:"\\banner.main.ad.rit.edu\students\mxc8518\IGMProfile\Desktop\DSA2\WreckEngine\OpenGLPractice\Release\OpenGLPractice.lib" /MACHINE:X86 /SAFESEH Release\Camera.obj
         Release\Collider.obj
         Release\ColliderEntity.obj
         Release\Drawable.obj
         Release\Entity.obj
         Release\Game.obj
         Release\GLDebugMessageCallback.obj
         Release\Mesh.obj
         Release\ModelHelper.obj
         Release\ShaderHelper.obj
         Release\Shape.obj
         Release\Source.obj
         Release\Transform.obj
         Release\TriPlay.obj
         Release\UV.obj
         Generating code
         2 of 1020 functions ( 0.2%) were compiled, the rest were copied from previous compilation.
           0 functions were new in current compilation
           1 functions had inline decision re-evaluated but remain unchanged
         Finished generating code
     1>SOIL.lib(SOIL.obj) : warning LNK4099: PDB 'SOIL.pdb' was not found with 'SOIL.lib(SOIL.obj)' or at '\\banner.main.ad.rit.edu\students\mxc8518\IGMProfile\Desktop\DSA2\WreckEngine\OpenGLPractice\Release\SOIL.pdb'; linking object as if no debug info
     1>SOIL.lib(image_helper.obj) : warning LNK4099: PDB 'SOIL.pdb' was not found with 'SOIL.lib(image_helper.obj)' or at '\\banner.main.ad.rit.edu\students\mxc8518\IGMProfile\Desktop\DSA2\WreckEngine\OpenGLPractice\Release\SOIL.pdb'; linking object as if no debug info
     1>SOIL.lib(stb_image_aug.obj) : warning LNK4099: PDB 'SOIL.pdb' was not found with 'SOIL.lib(stb_image_aug.obj)' or at '\\banner.main.ad.rit.edu\students\mxc8518\IGMProfile\Desktop\DSA2\WreckEngine\OpenGLPractice\Release\SOIL.pdb'; linking object as if no debug info
     1>SOIL.lib(image_DXT.obj) : warning LNK4099: PDB 'SOIL.pdb' was not found with 'SOIL.lib(image_DXT.obj)' or at '\\banner.main.ad.rit.edu\students\mxc8518\IGMProfile\Desktop\DSA2\WreckEngine\OpenGLPractice\Release\SOIL.pdb'; linking object as if no debug info
         OpenGLPractice.vcxproj -> \\banner.main.ad.rit.edu\students\mxc8518\IGMProfile\Desktop\DSA2\WreckEngine\OpenGLPractice\Release\OpenGLPractice.exe
     1>Done Building Project "\\banner.main.ad.rit.edu\students\mxc8518\IGMProfile\Desktop\DSA2\WreckEngine\OpenGLPractice\OpenGLPractice.vcxproj" (Build target(s)).

Build succeeded.

Time Elapsed 00:00:09.04
